{"contracts/MarshaPlus.sol":{"l":{"41":42,"53":42,"54":42,"55":42,"56":42,"57":42,"58":42,"59":42,"60":42,"62":42,"63":42,"65":42,"70":42,"71":42,"76":42,"81":42,"86":42,"91":42,"96":42,"101":42,"106":42,"113":2,"114":1,"116":1,"118":1,"120":1,"122":1,"124":1,"133":3,"137":1,"138":1,"140":1,"141":1},"path":"/home/slavic/WORK/MarshaPlusSolidityContract/contracts/MarshaPlus.sol","s":{"1":42,"2":42,"3":42,"4":42,"5":42,"6":42,"7":42,"8":42,"9":42,"10":42,"11":2,"12":1,"13":1,"14":1,"15":1,"16":1,"17":1,"18":3,"19":1,"20":1,"21":1},"b":{"1":[42,0],"2":[1,1],"3":[1,2]},"f":{"1":42,"2":2,"3":3},"fnMap":{"1":{"name":"constructor","line":40,"loc":{"start":{"line":31,"column":4},"end":{"line":107,"column":4}}},"2":{"name":"teamRewardAfter3Years","line":112,"loc":{"start":{"line":112,"column":4},"end":{"line":126,"column":4}}},"3":{"name":"burnIfNeeded","line":132,"loc":{"start":{"line":132,"column":4},"end":{"line":143,"column":4}}}},"statementMap":{"1":{"start":{"line":41,"column":8},"end":{"line":41,"column":1105}},"2":{"start":{"line":65,"column":8},"end":{"line":65,"column":43}},"3":{"start":{"line":70,"column":8},"end":{"line":70,"column":73}},"4":{"start":{"line":76,"column":8},"end":{"line":76,"column":70}},"5":{"start":{"line":81,"column":8},"end":{"line":81,"column":73}},"6":{"start":{"line":86,"column":8},"end":{"line":86,"column":74}},"7":{"start":{"line":91,"column":8},"end":{"line":91,"column":72}},"8":{"start":{"line":96,"column":8},"end":{"line":96,"column":72}},"9":{"start":{"line":101,"column":8},"end":{"line":101,"column":70}},"10":{"start":{"line":106,"column":8},"end":{"line":106,"column":72}},"11":{"start":{"line":113,"column":8},"end":{"line":113,"column":3273}},"12":{"start":{"line":114,"column":12},"end":{"line":114,"column":75}},"13":{"start":{"line":116,"column":12},"end":{"line":116,"column":77}},"14":{"start":{"line":118,"column":12},"end":{"line":118,"column":78}},"15":{"start":{"line":120,"column":12},"end":{"line":120,"column":76}},"16":{"start":{"line":122,"column":12},"end":{"line":122,"column":74}},"17":{"start":{"line":124,"column":12},"end":{"line":124,"column":76}},"18":{"start":{"line":133,"column":8},"end":{"line":133,"column":4040}},"19":{"start":{"line":137,"column":12},"end":{"line":137,"column":57}},"20":{"start":{"line":138,"column":12},"end":{"line":138,"column":4264}},"21":{"start":{"line":140,"column":12},"end":{"line":140,"column":41}}},"branchMap":{"1":{"line":41,"type":"if","locations":[{"start":{"line":41,"column":8},"end":{"line":41,"column":8}},{"start":{"line":41,"column":8},"end":{"line":41,"column":8}}]},"2":{"line":113,"type":"if","locations":[{"start":{"line":113,"column":8},"end":{"line":113,"column":8}},{"start":{"line":113,"column":8},"end":{"line":113,"column":8}}]},"3":{"line":133,"type":"if","locations":[{"start":{"line":133,"column":8},"end":{"line":133,"column":8}},{"start":{"line":133,"column":8},"end":{"line":133,"column":8}}]}}}}