{
"contracts/MarshaPlus.sol":{"l":{"37":42,"38":42,"39":42,"40":42,"41":42,"42":42,"43":42,"44":42,"46":42,"47":42,"49":42,"52":42,"53":42,"55":42,"57":42,"59":42,"61":42,"63":42,"65":42,"67":42,"72":8,"73":1,"75":1,"77":1,"79":1,"81":1,"83":1,"89":8,"90":3,"91":3,"94":3,"95":2,"97":3,"106":8,"107":8,"108":8,"109":8,"118":0,"119":0,"120":0,"121":0},"path":"/home/slavic/WORK/MarshaPlusSolidityContract/contracts/MarshaPlus.sol","s":{"1":42,"2":42,"3":42,"4":42,"5":42,"6":42,"7":42,"8":42,"9":42,"10":8,"11":1,"12":1,"13":1,"14":1,"15":1,"16":1,"17":8,"18":3,"19":3,"20":3,"21":2,"22":8,"23":8,"24":8,"25":8,"26":0,"27":0,"28":0,"29":0},"b":{"1":[1,7],"2":[3,5],"3":[2,1]},"f":{"1":42,"2":8,"3":8,"4":8,"5":0},"fnMap":{"1":{"name":"constructor","line":36,"loc":{"start":{"line":27,"column":4},"end":{"line":68,"column":4}}},"2":{"name":"teamRewardAfter3Years","line":71,"loc":{"start":{"line":71,"column":4},"end":{"line":85,"column":4}}},"3":{"name":"burnIfNeeded","line":88,"loc":{"start":{"line":88,"column":4},"end":{"line":99,"column":4}}},"4":{"name":"transfer","line":102,"loc":{"start":{"line":102,"column":4},"end":{"line":110,"column":4}}},"5":{"name":"transferFrom","line":113,"loc":{"start":{"line":113,"column":4},"end":{"line":122,"column":4}}}},"statementMap":{"1":{"start":{"line":49,"column":8},"end":{"line":49,"column":43}},"2":{"start":{"line":52,"column":8},"end":{"line":52,"column":73}},"3":{"start":{"line":55,"column":8},"end":{"line":55,"column":70}},"4":{"start":{"line":57,"column":8},"end":{"line":57,"column":73}},"5":{"start":{"line":59,"column":8},"end":{"line":59,"column":74}},"6":{"start":{"line":61,"column":8},"end":{"line":61,"column":72}},"7":{"start":{"line":63,"column":8},"end":{"line":63,"column":72}},"8":{"start":{"line":65,"column":8},"end":{"line":65,"column":70}},"9":{"start":{"line":67,"column":8},"end":{"line":67,"column":72}},"10":{"start":{"line":72,"column":8},"end":{"line":72,"column":2559}},"11":{"start":{"line":73,"column":12},"end":{"line":73,"column":75}},"12":{"start":{"line":75,"column":12},"end":{"line":75,"column":77}},"13":{"start":{"line":77,"column":12},"end":{"line":77,"column":78}},"14":{"start":{"line":79,"column":12},"end":{"line":79,"column":76}},"15":{"start":{"line":81,"column":12},"end":{"line":81,"column":74}},"16":{"start":{"line":83,"column":12},"end":{"line":83,"column":76}},"17":{"start":{"line":89,"column":8},"end":{"line":89,"column":3235}},"18":{"start":{"line":90,"column":12},"end":{"line":90,"column":57}},"19":{"start":{"line":91,"column":12},"end":{"line":91,"column":3372}},"20":{"start":{"line":94,"column":12},"end":{"line":94,"column":3532}},"21":{"start":{"line":95,"column":16},"end":{"line":95,"column":45}},"22":{"start":{"line":106,"column":8},"end":{"line":106,"column":21}},"23":{"start":{"line":107,"column":8},"end":{"line":107,"column":30}},"24":{"start":{"line":108,"column":8},"end":{"line":108,"column":40}},"25":{"start":{"line":109,"column":8},"end":{"line":109,"column":19}},"26":{"start":{"line":118,"column":8},"end":{"line":118,"column":21}},"27":{"start":{"line":119,"column":8},"end":{"line":119,"column":30}},"28":{"start":{"line":120,"column":8},"end":{"line":120,"column":52}},"29":{"start":{"line":121,"column":8},"end":{"line":121,"column":19}}},"branchMap":{"1":{"line":72,"type":"if","locations":[{"start":{"line":72,"column":8},"end":{"line":72,"column":8}},{"start":{"line":72,"column":8},"end":{"line":72,"column":8}}]},"2":{"line":89,"type":"if","locations":[{"start":{"line":89,"column":8},"end":{"line":89,"column":8}},{"start":{"line":89,"column":8},"end":{"line":89,"column":8}}]},"3":{"line":94,"type":"if","locations":[{"start":{"line":94,"column":12},"end":{"line":94,"column":12}},{"start":{"line":94,"column":12},"end":{"line":94,"column":12}}]}}}}
