TN:
SF:/home/slavic/WORK/MarshaPlusSolidityContract/contracts/MarshaPlus.sol
FN:40,constructor
FN:112,teamRewardAfter3Years
FN:132,burnIfNeeded
FNF:3
FNH:3
FNDA:42,constructor
FNDA:2,teamRewardAfter3Years
FNDA:3,burnIfNeeded
DA:41,42
DA:53,42
DA:54,42
DA:55,42
DA:56,42
DA:57,42
DA:58,42
DA:59,42
DA:60,42
DA:62,42
DA:63,42
DA:65,42
DA:70,42
DA:71,42
DA:76,42
DA:81,42
DA:86,42
DA:91,42
DA:96,42
DA:101,42
DA:106,42
DA:113,2
DA:114,1
DA:116,1
DA:118,1
DA:120,1
DA:122,1
DA:124,1
DA:133,3
DA:137,1
DA:138,1
DA:140,1
DA:141,1
LF:33
LH:33
BRDA:41,1,0,42
BRDA:41,1,1,0
BRDA:113,2,0,1
BRDA:113,2,1,1
BRDA:133,3,0,1
BRDA:133,3,1,2
BRF:6
BRH:5
end_of_record
