TN:
SF:/home/slavic/WORK/MarshaPlusSolidityContract/contracts/MarshaPlus.sol
FN:36,constructor
FN:71,teamRewardAfter3Years
FN:88,burnIfNeeded
FN:102,transfer
FN:113,transferFrom
FNF:5
FNH:4
FNDA:42,constructor
FNDA:8,teamRewardAfter3Years
FNDA:8,burnIfNeeded
FNDA:8,transfer
FNDA:0,transferFrom
DA:37,42
DA:38,42
DA:39,42
DA:40,42
DA:41,42
DA:42,42
DA:43,42
DA:44,42
DA:46,42
DA:47,42
DA:49,42
DA:52,42
DA:53,42
DA:55,42
DA:57,42
DA:59,42
DA:61,42
DA:63,42
DA:65,42
DA:67,42
DA:72,8
DA:73,1
DA:75,1
DA:77,1
DA:79,1
DA:81,1
DA:83,1
DA:89,8
DA:90,3
DA:91,3
DA:94,3
DA:95,2
DA:97,3
DA:106,8
DA:107,8
DA:108,8
DA:109,8
DA:118,0
DA:119,0
DA:120,0
DA:121,0
LF:41
LH:37
BRDA:72,1,0,1
BRDA:72,1,1,7
BRDA:89,2,0,3
BRDA:89,2,1,5
BRDA:94,3,0,2
BRDA:94,3,1,1
BRF:6
BRH:6
end_of_record
